<?xml version="1.0" encoding="UTF-8"?>
<testsuite name="com.example.calendlywebhook.CalendlyWebhookApplicationTests" tests="1" skipped="0" failures="0" errors="0" timestamp="2023-04-21T11:05:59" hostname="MORAHELA" time="0.415">
  <properties/>
  <testcase name="contextLoads()" classname="com.example.calendlywebhook.CalendlyWebhookApplicationTests" time="0.415"/>
  <system-out><![CDATA[16:35:57.120 [Test worker] DEBUG org.springframework.boot.test.context.SpringBootTestContextBootstrapper - Neither @ContextConfiguration nor @ContextHierarchy found for test class [CalendlyWebhookApplicationTests]: using SpringBootContextLoader
16:35:57.127 [Test worker] DEBUG org.springframework.test.context.support.AbstractContextLoader - Could not detect default resource locations for test class [com.example.calendlywebhook.CalendlyWebhookApplicationTests]: no resource found for suffixes {-context.xml, Context.groovy}.
16:35:57.128 [Test worker] INFO org.springframework.test.context.support.AnnotationConfigContextLoaderUtils - Could not detect default configuration classes for test class [com.example.calendlywebhook.CalendlyWebhookApplicationTests]: CalendlyWebhookApplicationTests does not declare any static, non-private, non-final, nested classes annotated with @Configuration.
16:35:57.156 [Test worker] DEBUG org.springframework.boot.test.context.SpringBootTestContextBootstrapper - Using ContextCustomizers for test class [CalendlyWebhookApplicationTests]: [DisableObservabilityContextCustomizer, PropertyMappingContextCustomizer, Customizer, ExcludeFilterContextCustomizer, DuplicateJsonObjectContextCustomizer, MockitoContextCustomizer, TestRestTemplateContextCustomizer]
16:35:57.243 [Test worker] DEBUG org.springframework.context.annotation.ClassPathScanningCandidateComponentProvider - Identified candidate component class: file [C:\SAPTHAKA\PROJECTS\TECHLABS\RnD\Calendly\calendly-webhook-poc\build\classes\java\main\com\example\calendlywebhook\CalendlyWebhookApplication.class]
16:35:57.245 [Test worker] INFO org.springframework.boot.test.context.SpringBootTestContextBootstrapper - Found @SpringBootConfiguration com.example.calendlywebhook.CalendlyWebhookApplication for test class com.example.calendlywebhook.CalendlyWebhookApplicationTests
16:35:57.354 [Test worker] DEBUG org.springframework.test.context.util.TestContextSpringFactoriesUtils - Skipping candidate TestExecutionListener [org.springframework.test.context.transaction.TransactionalTestExecutionListener] due to a missing dependency. Specify custom TestExecutionListener classes or make the default TestExecutionListener classes and their required dependencies available. Offending class: [org/springframework/transaction/interceptor/TransactionAttributeSource]
16:35:57.355 [Test worker] DEBUG org.springframework.test.context.util.TestContextSpringFactoriesUtils - Skipping candidate TestExecutionListener [org.springframework.test.context.jdbc.SqlScriptsTestExecutionListener] due to a missing dependency. Specify custom TestExecutionListener classes or make the default TestExecutionListener classes and their required dependencies available. Offending class: [org/springframework/transaction/interceptor/TransactionAttribute]
16:35:57.357 [Test worker] DEBUG org.springframework.boot.test.context.SpringBootTestContextBootstrapper - Using TestExecutionListeners for test class [CalendlyWebhookApplicationTests]: [ServletTestExecutionListener, DirtiesContextBeforeModesTestExecutionListener, ApplicationEventsTestExecutionListener, MockitoTestExecutionListener, DependencyInjectionTestExecutionListener, DirtiesContextTestExecutionListener, EventPublishingTestExecutionListener, RestDocsTestExecutionListener, MockRestServiceServerResetTestExecutionListener, MockMvcPrintOnlyOnFailureTestExecutionListener, WebDriverTestExecutionListener, MockWebServiceServerTestExecutionListener, ResetMocksTestExecutionListener]
16:35:57.358 [Test worker] DEBUG org.springframework.test.context.support.AbstractDirtiesContextTestExecutionListener - Before test class: class [CalendlyWebhookApplicationTests], class annotated with @DirtiesContext [false] with mode [null]

  .   ____          _            __ _ _
 /\\ / ___'_ __ _ _(_)_ __  __ _ \ \ \ \
( ( )\___ | '_ | '_| | '_ \/ _` | \ \ \ \
 \\/  ___)| |_)| | | | | || (_| |  ) ) ) )
  '  |____| .__|_| |_|_| |_\__, | / / / /
 =========|_|==============|___/=/_/_/_/
 :: Spring Boot ::                (v3.0.4)

2023-04-21T16:35:57.703+05:30  INFO 5200 --- [    Test worker] c.e.c.CalendlyWebhookApplicationTests    : Starting CalendlyWebhookApplicationTests using Java 17.0.5 with PID 5200 (started by asapt in C:\SAPTHAKA\PROJECTS\TECHLABS\RnD\Calendly\calendly-webhook-poc)
2023-04-21T16:35:57.705+05:30  INFO 5200 --- [    Test worker] c.e.c.CalendlyWebhookApplicationTests    : No active profile set, falling back to 1 default profile: "default"
2023-04-21T16:35:59.176+05:30  INFO 5200 --- [    Test worker] c.e.c.CalendlyWebhookApplicationTests    : Started CalendlyWebhookApplicationTests in 1.754 seconds (process running for 3.116)
]]></system-out>
  <system-err><![CDATA[]]></system-err>
</testsuite>
